<?xml version="1.0" encoding="UTF-8"?>
<!-- Generated by org.testng.reporters.JUnitXMLReporter -->
<testsuite hostname="LAPTOP-RGDRTC0L" name="Default test" tests="6" failures="0" timestamp="15 Jun 2019 04:57:00 GMT" time="17.473" errors="0">
  <testcase name="TestExceution" time="0.027" classname="testcase.demotestcase"/>
  <testcase name="TestExceution" time="3.95" classname="testcase.demotestcase"/>
  <testcase name="TestExceution" time="6.379" classname="testcase.demotestcase"/>
  <testcase name="TestExceution" time="0.362" classname="testcase.demotestcase"/>
  <testcase name="TestExceution" time="0.106" classname="testcase.demotestcase"/>
  <testcase name="TestExceution" time="0.811" classname="testcase.demotestcase"/>
</testsuite> <!-- Default test -->
